<?xml version="1.0" encoding="UTF-8"?>
<!-- Generated by org.testng.reporters.JUnitReportReporter -->
<testsuite hostname="Gupta-Manish" failures="0" tests="1" name="com.flipkart.pages.flipkart_homepage" time="0.016" errors="1" timestamp="17 Aug 2018 09:18:43 GMT">
  <testcase classname="com.flipkart.pages.flipkart_homepage" name="flipkart_headerMenu" time="0.016">
    <error message="
Can&#039;t invoke public void com.flipkart.pages.flipkart_homepage.flipkart_headerMenu() throws java.io.IOException: either make it static or add a no-args constructor to your class" type="org.testng.TestNGException">
      <![CDATA[org.testng.TestNGException: 
Can't invoke public void com.flipkart.pages.flipkart_homepage.flipkart_headerMenu() throws java.io.IOException: either make it static or add a no-args constructor to your class
	at org.testng.internal.Utils.checkInstanceOrStatic(Utils.java:790)
	at org.testng.internal.MethodInvocationHelper.invokeMethod(MethodInvocationHelper.java:42)
	at org.testng.internal.Invoker.invokeMethod(Invoker.java:643)
	at org.testng.internal.Invoker.invokeTestMethod(Invoker.java:820)
	at org.testng.internal.Invoker.invokeTestMethods(Invoker.java:1128)
	at org.testng.internal.TestMethodWorker.invokeTestMethods(TestMethodWorker.java:129)
	at org.testng.internal.TestMethodWorker.run(TestMethodWorker.java:112)
	at org.testng.TestRunner.privateRun(TestRunner.java:782)
	at org.testng.TestRunner.run(TestRunner.java:632)
	at org.testng.SuiteRunner.runTest(SuiteRunner.java:366)
	at org.testng.SuiteRunner.runSequentially(SuiteRunner.java:361)
	at org.testng.SuiteRunner.privateRun(SuiteRunner.java:319)
	at org.testng.SuiteRunner.run(SuiteRunner.java:268)
	at org.testng.SuiteRunnerWorker.runSuite(SuiteRunnerWorker.java:52)
	at org.testng.SuiteRunnerWorker.run(SuiteRunnerWorker.java:86)
	at org.testng.TestNG.runSuitesSequentially(TestNG.java:1244)
	at org.testng.TestNG.runSuitesLocally(TestNG.java:1169)
	at org.testng.TestNG.run(TestNG.java:1064)
	at org.testng.remote.AbstractRemoteTestNG.run(AbstractRemoteTestNG.java:114)
	at org.testng.remote.RemoteTestNG.initAndRun(RemoteTestNG.java:251)
	at org.testng.remote.RemoteTestNG.main(RemoteTestNG.java:77)
]]>
    </error>
  </testcase> <!-- flipkart_headerMenu -->
</testsuite> <!-- com.flipkart.pages.flipkart_homepage -->
