<?xml version="1.0" encoding="UTF-8"?>
<!-- Generated by org.testng.reporters.JUnitReportReporter -->
<testsuite hostname="Gupta-Manish" failures="0" tests="4" name="com.flipkart.testcases.flipkart_loginTC" time="49.290" errors="0" timestamp="24 Aug 2018 06:59:45 GMT">
  <testcase classname="com.flipkart.testcases.flipkart_loginTC" name="flipkart_cartPage" time="4.207"/>
  <testcase classname="com.flipkart.testcases.flipkart_loginTC" name="flipkart_Login" time="1.157"/>
  <testcase classname="com.flipkart.testcases.flipkart_loginTC" name="flipkart_homepage" time="31.157"/>
  <testcase classname="com.flipkart.testcases.flipkart_loginTC" name="flipkart_Search" time="12.769"/>
</testsuite> <!-- com.flipkart.testcases.flipkart_loginTC -->
